<?xml version="1.0" encoding="UTF-8"?>
<!-- Generated by org.testng.reporters.JUnitReportReporter -->
<testsuite hostname="QT-INBG-LT1817" failures="0" tests="2" name="selenium.qualiteam.Practice2" time="0.008" errors="0" timestamp="2022-07-28T17:02:11 IST" skipped="0">
  <testcase classname="selenium.qualiteam.Practice2" name="run" time="0.007"/>
  <system-out/>
  <testcase classname="selenium.qualiteam.Practice2" name="speak" time="0.001"/>
  <system-out/>
</testsuite> <!-- selenium.qualiteam.Practice2 -->
