<?xml version="1.0" encoding="UTF-8"?>
<!-- Generated by org.testng.reporters.JUnitReportReporter -->
<testsuite hostname="QT-INBG-LT1817" failures="0" tests="2" name="selenium.qualiteam.TestNG" time="0.009" errors="0" timestamp="2022-07-28T10:40:30 IST" skipped="0">
  <testcase classname="selenium.qualiteam.TestNG" name="multiplication" time="0.001"/>
  <system-out/>
  <testcase classname="selenium.qualiteam.TestNG" name="division" time="0.008"/>
  <system-out/>
</testsuite> <!-- selenium.qualiteam.TestNG -->
